<?xml version="1.0" encoding="UTF-8"?>
<testsuite name="hello.servlet.domain.member.MemberRepositoryTest" tests="2" skipped="0" failures="0" errors="0" timestamp="2026-01-06T12:34:09.982Z" hostname="YooMacui-MacBookAir.local" time="0.025">
  <properties/>
  <testcase name="findAll()" classname="hello.servlet.domain.member.MemberRepositoryTest" time="0.024"/>
  <testcase name="save()" classname="hello.servlet.domain.member.MemberRepositoryTest" time="0.0"/>
  <system-out><![CDATA[]]></system-out>
  <system-err><![CDATA[]]></system-err>
</testsuite>
